0 info it worked if it ends with ok
1 verbose cli [ 'node', '/usr/local/bin/npm', 'start' ]
2 info using npm@2.10.1
3 info using node@v0.10.29
4 verbose run-script [ 'prestart', 'start', 'poststart' ]
5 info prestart Acadia-Energy-Dashboard@0.6.5
6 info start Acadia-Energy-Dashboard@0.6.5
7 verbose unsafe-perm in lifecycle true
8 info Acadia-Energy-Dashboard@0.6.5 Failed to exec start script
9 verbose stack Error: Acadia-Energy-Dashboard@0.6.5 start: `node ./bin/www`
9 verbose stack Exit status 8
9 verbose stack     at EventEmitter.<anonymous> (/usr/local/lib/node_modules/npm/lib/utils/lifecycle.js:213:16)
9 verbose stack     at EventEmitter.emit (events.js:98:17)
9 verbose stack     at ChildProcess.<anonymous> (/usr/local/lib/node_modules/npm/lib/utils/spawn.js:24:14)
9 verbose stack     at ChildProcess.emit (events.js:98:17)
9 verbose stack     at maybeClose (child_process.js:755:16)
9 verbose stack     at Process.ChildProcess._handle.onexit (child_process.js:822:5)
10 verbose pkgid Acadia-Energy-Dashboard@0.6.5
11 verbose cwd /var/local/www/aed
12 error Linux 3.13.0-32-generic
13 error argv "node" "/usr/local/bin/npm" "start"
14 error node v0.10.29
15 error npm  v2.10.1
16 error code ELIFECYCLE
17 error Acadia-Energy-Dashboard@0.6.5 start: `node ./bin/www`
17 error Exit status 8
18 error Failed at the Acadia-Energy-Dashboard@0.6.5 start script 'node ./bin/www'.
18 error This is most likely a problem with the Acadia-Energy-Dashboard package,
18 error not with npm itself.
18 error Tell the author that this fails on your system:
18 error     node ./bin/www
18 error You can get their info via:
18 error     npm owner ls Acadia-Energy-Dashboard
18 error There is likely additional logging output above.
19 verbose exit [ 1, true ]
